<?xml version="1.0" encoding="UTF-8"?>
<!-- Generated by org.testng.reporters.JUnitXMLReporter -->
<testsuite ignored="2" hostname="Mutri" failures="0" tests="8" name="Test" time="0.216" errors="0" timestamp="2024-10-02T05:14:31 IST">
  <testcase classname="TestNGGroup.TestGroup1" name="test1" time="0.02"/>
  <testcase classname="TestNGGroup.TestGroup1" name="test2" time="0.004"/>
  <testcase classname="TestNGGroup.TestGroup1" name="test3" time="0.006"/>
  <testcase classname="TestNGGroup.TestGroup1" name="test4" time="0.004"/>
  <testcase classname="TestNGGroup.TestGroup2" name="test6" time="0.002"/>
  <testcase classname="TestNGGroup.TestGroup2" name="test7" time="0.006"/>
  <testcase classname="TestNGGroup.TestGroup2" name="test8" time="0.005"/>
  <testcase classname="TestNGGroup.TestGroup2" name="test9" time="0.003"/>
  <testcase classname="TestNGGroup.TestGroup2" name="test10" time="0.0">
    <ignored/>
  </testcase> <!-- test10 -->
  <testcase classname="TestNGGroup.TestGroup1" name="test5" time="0.0">
    <ignored/>
  </testcase> <!-- test5 -->
</testsuite> <!-- Test -->
